# JRE version: OpenJDK Runtime Environment (8.0_76-b03) (build 1.8.0_76-release-b03)
# Java VM: OpenJDK 64-Bit Server VM (25.76-b03 mixed mode windows-amd64 compressed oops)
Heap:
 PSYoungGen      total 442368K, used 399812K [0x00000000e0000000, 0x00000000ffa00000, 0x0000000100000000)
  eden space 371712K, 100% used [0x00000000e0000000,0x00000000f6b00000,0x00000000f6b00000)
  from space 70656K, 39% used [0x00000000fb500000,0x00000000fd0713b0,0x00000000ffa00000)
  to   space 73216K, 59% used [0x00000000f6b00000,0x00000000f9586320,0x00000000fb280000)
 ParOldGen       total 197120K, used 127931K [0x00000000a0000000, 0x00000000ac080000, 0x00000000e0000000)
  object space 197120K, 64% used [0x00000000a0000000,0x00000000a7ceef20,0x00000000ac080000)
 Metaspace       used 69485K, capacity 71668K, committed 75520K, reserved 1114112K
  class space    used 8706K, capacity 9124K, committed 9984K, reserved 1048576K
GC Heap History (10 events):
Event: 3839.199 GC heap after
Heap after GC invocations=30 (full 3):
 PSYoungGen      total 305664K, used 60923K [0x00000000e0000000, 0x00000000fc680000, 0x0000000100000000)
  eden space 244736K, 0% used [0x00000000e0000000,0x00000000e0000000,0x00000000eef00000)
  from space 60928K, 99% used [0x00000000eef00000,0x00000000f2a7edc0,0x00000000f2a80000)
  to   space 77312K, 0% used [0x00000000f7b00000,0x00000000f7b00000,0x00000000fc680000)
 ParOldGen       total 98816K, used 98394K [0x00000000a0000000, 0x00000000a6080000, 0x00000000e0000000)
  object space 98816K, 99% used [0x00000000a0000000,0x00000000a6016ab8,0x00000000a6080000)
 Metaspace       used 72198K, capacity 75456K, committed 75520K, reserved 1114112K
  class space    used 9251K, capacity 9981K, committed 9984K, reserved 1048576K
}
Event: 3839.199 GC heap before
{Heap before GC invocations=31 (full 4):
 PSYoungGen      total 305664K, used 60923K [0x00000000e0000000, 0x00000000fc680000, 0x0000000100000000)
  eden space 244736K, 0% used [0x00000000e0000000,0x00000000e0000000,0x00000000eef00000)
  from space 60928K, 99% used [0x00000000eef00000,0x00000000f2a7edc0,0x00000000f2a80000)
  to   space 77312K, 0% used [0x00000000f7b00000,0x00000000f7b00000,0x00000000fc680000)
 ParOldGen       total 98816K, used 98394K [0x00000000a0000000, 0x00000000a6080000, 0x00000000e0000000)
  object space 98816K, 99% used [0x00000000a0000000,0x00000000a6016ab8,0x00000000a6080000)
 Metaspace       used 72198K, capacity 75456K, committed 75520K, reserved 1114112K
  class space    used 9251K, capacity 9981K, committed 9984K, reserved 1048576K
Event: 3840.412 GC heap after
Heap after GC invocations=31 (full 4):
 PSYoungGen      total 305664K, used 8577K [0x00000000e0000000, 0x00000000fc680000, 0x0000000100000000)
  eden space 244736K, 0% used [0x00000000e0000000,0x00000000e0000000,0x00000000eef00000)
  from space 60928K, 14% used [0x00000000eef00000,0x00000000ef760418,0x00000000f2a80000)
  to   space 77312K, 0% used [0x00000000f7b00000,0x00000000f7b00000,0x00000000fc680000)
 ParOldGen       total 197120K, used 98520K [0x00000000a0000000, 0x00000000ac080000, 0x00000000e0000000)
  object space 197120K, 49% used [0x00000000a0000000,0x00000000a60362f0,0x00000000ac080000)
 Metaspace       used 69400K, capacity 71540K, committed 75520K, reserved 1114112K
  class space    used 8704K, capacity 9124K, committed 9984K, reserved 1048576K
}
Event: 3841.710 GC heap before
{Heap before GC invocations=32 (full 4):
 PSYoungGen      total 305664K, used 253313K [0x00000000e0000000, 0x00000000fc680000, 0x0000000100000000)
  eden space 244736K, 100% used [0x00000000e0000000,0x00000000eef00000,0x00000000eef00000)
  from space 60928K, 14% used [0x00000000eef00000,0x00000000ef760418,0x00000000f2a80000)
  to   space 77312K, 0% used [0x00000000f7b00000,0x00000000f7b00000,0x00000000fc680000)
 ParOldGen       total 197120K, used 98520K [0x00000000a0000000, 0x00000000ac080000, 0x00000000e0000000)
  object space 197120K, 49% used [0x00000000a0000000,0x00000000a60362f0,0x00000000ac080000)
 Metaspace       used 69422K, capacity 71604K, committed 75520K, reserved 1114112K
  class space    used 8704K, capacity 9124K, committed 9984K, reserved 1048576K
Event: 3841.821 GC heap after
Heap after GC invocations=32 (full 4):
 PSYoungGen      total 388096K, used 39370K [0x00000000e0000000, 0x00000000fc500000, 0x0000000100000000)
  eden space 312320K, 0% used [0x00000000e0000000,0x00000000e0000000,0x00000000f3100000)
  from space 75776K, 51% used [0x00000000f7b00000,0x00000000fa172a80,0x00000000fc500000)
  to   space 75776K, 0% used [0x00000000f3100000,0x00000000f3100000,0x00000000f7b00000)
 ParOldGen       total 197120K, used 100506K [0x00000000a0000000, 0x00000000ac080000, 0x00000000e0000000)
  object space 197120K, 50% used [0x00000000a0000000,0x00000000a62268e8,0x00000000ac080000)
 Metaspace       used 69422K, capacity 71604K, committed 75520K, reserved 1114112K
  class space    used 8704K, capacity 9124K, committed 9984K, reserved 1048576K
}
Event: 3843.572 GC heap before
{Heap before GC invocations=33 (full 4):
 PSYoungGen      total 388096K, used 351690K [0x00000000e0000000, 0x00000000fc500000, 0x0000000100000000)
  eden space 312320K, 100% used [0x00000000e0000000,0x00000000f3100000,0x00000000f3100000)
  from space 75776K, 51% used [0x00000000f7b00000,0x00000000fa172a80,0x00000000fc500000)
  to   space 75776K, 0% used [0x00000000f3100000,0x00000000f3100000,0x00000000f7b00000)
 ParOldGen       total 197120K, used 100506K [0x00000000a0000000, 0x00000000ac080000, 0x00000000e0000000)
  object space 197120K, 50% used [0x00000000a0000000,0x00000000a62268e8,0x00000000ac080000)
 Metaspace       used 69472K, capacity 71604K, committed 75520K, reserved 1114112K
  class space    used 8706K, capacity 9124K, committed 9984K, reserved 1048576K
Event: 3843.709 GC heap after
Heap after GC invocations=33 (full 4):
 PSYoungGen      total 388096K, used 45260K [0x00000000e0000000, 0x0000000100000000, 0x0000000100000000)
  eden space 312320K, 0% used [0x00000000e0000000,0x00000000e0000000,0x00000000f3100000)
  from space 75776K, 59% used [0x00000000f3100000,0x00000000f5d33160,0x00000000f7b00000)
  to   space 76800K, 0% used [0x00000000fb500000,0x00000000fb500000,0x0000000100000000)
 ParOldGen       total 197120K, used 114229K [0x00000000a0000000, 0x00000000ac080000, 0x00000000e0000000)
  object space 197120K, 57% used [0x00000000a0000000,0x00000000a6f8d4c0,0x00000000ac080000)
 Metaspace       used 69472K, capacity 71604K, committed 75520K, reserved 1114112K
  class space    used 8706K, capacity 9124K, committed 9984K, reserved 1048576K
}
Event: 3845.351 GC heap before
{Heap before GC invocations=34 (full 4):
 PSYoungGen      total 388096K, used 357580K [0x00000000e0000000, 0x0000000100000000, 0x0000000100000000)
  eden space 312320K, 100% used [0x00000000e0000000,0x00000000f3100000,0x00000000f3100000)
  from space 75776K, 59% used [0x00000000f3100000,0x00000000f5d33160,0x00000000f7b00000)
  to   space 76800K, 0% used [0x00000000fb500000,0x00000000fb500000,0x0000000100000000)
 ParOldGen       total 197120K, used 114229K [0x00000000a0000000, 0x00000000ac080000, 0x00000000e0000000)
  object space 197120K, 57% used [0x00000000a0000000,0x00000000a6f8d4c0,0x00000000ac080000)
 Metaspace       used 69478K, capacity 71604K, committed 75520K, reserved 1114112K
  class space    used 8706K, capacity 9124K, committed 9984K, reserved 1048576K
Event: 3845.430 GC heap after
Heap after GC invocations=34 (full 4):
 PSYoungGen      total 442368K, used 28100K [0x00000000e0000000, 0x00000000ffa00000, 0x0000000100000000)
  eden space 371712K, 0% used [0x00000000e0000000,0x00000000e0000000,0x00000000f6b00000)
  from space 70656K, 39% used [0x00000000fb500000,0x00000000fd0713b0,0x00000000ffa00000)
  to   space 73216K, 0% used [0x00000000f6b00000,0x00000000f6b00000,0x00000000fb280000)
 ParOldGen       total 197120K, used 120222K [0x00000000a0000000, 0x00000000ac080000, 0x00000000e0000000)
  object space 197120K, 60% used [0x00000000a0000000,0x00000000a7567958,0x00000000ac080000)
 Metaspace       used 69478K, capacity 71604K, committed 75520K, reserved 1114112K
  class space    used 8706K, capacity 9124K, committed 9984K, reserved 1048576K
}
Event: 3846.992 GC heap before
{Heap before GC invocations=35 (full 4):
 PSYoungGen      total 442368K, used 399812K [0x00000000e0000000, 0x00000000ffa00000, 0x0000000100000000)
  eden space 371712K, 100% used [0x00000000e0000000,0x00000000f6b00000,0x00000000f6b00000)
  from space 70656K, 39% used [0x00000000fb500000,0x00000000fd0713b0,0x00000000ffa00000)
  to   space 73216K, 0% used [0x00000000f6b00000,0x00000000f6b00000,0x00000000fb280000)
 ParOldGen       total 197120K, used 120222K [0x00000000a0000000, 0x00000000ac080000, 0x00000000e0000000)
  object space 197120K, 60% used [0x00000000a0000000,0x00000000a7567958,0x00000000ac080000)
 Metaspace       used 69485K, capacity 71668K, committed 75520K, reserved 1114112K
  class space    used 8706K, capacity 9124K, committed 9984K, reserved 1048576K

